<?xml version="1.0" encoding="UTF-8"?>
<testsuite name="memory.MemoryFinderTest" tests="1" skipped="0" failures="0" errors="0" timestamp="2023-04-30T14:05:14" hostname="MacBookPro16.local" time="0.052">
  <properties/>
  <testcase name="get()" classname="memory.MemoryFinderTest" time="0.052"/>
  <system-out><![CDATA[]]></system-out>
  <system-err><![CDATA[]]></system-err>
</testsuite>
